
<dict>
	cocos2d.x.version: 2.2.1
	cocos2d.x.compiled_with_profiler: false
	cocos2d.x.compiled_with_gl_state_cache: true
	gl.vendor: NVIDIA Corporation
	gl.renderer: GeForce GT 520/PCI/SSE2
	gl.version: 4.1.0
	gl.max_texture_size: 16384
	gl.max_texture_units: 160
	gl.supports_PVRTC: false
	gl.supports_NPOT: true
	gl.supports_BGRA8888: false
	gl.supports_discard_framebuffer: false
	gl.supports_vertex_array_object: true
</dict>
lua_loadChunksFromZIP() - load zip file: F:\quick-cocos2d-x\lib\framework_precompiled\framework_precompiled.zip
lua_loadChunksFromZIP() - loaded chunks count: 54
------------------------------------------------
LOAD LUA FILE: F:/googlesvn/client/game01/scripts/main.lua
------------------------------------------------
[0.1230] [INFO] 
[0.1236] [INFO] # DEBUG                        = 2
[0.1239] [INFO] #
[0.1248] [INFO] # device.platform              = windows
[0.1253] [INFO] # device.model                 = unknown
[0.1276] [INFO] # device.language              = cn
[0.1281] [INFO] # device.writablePath          = F:\googlesvn\client\game01\
[0.1288] [INFO] # device.cachePath             = F:\googlesvn\client\game01\
[0.1294] [INFO] # device.directorySeparator    = \
[0.1300] [INFO] # device.pathSeparator         = ;
[0.1305] [INFO] #
[0.1329] [INFO] # CONFIG_SCREEN_AUTOSCALE      = FIXED_WIDTH
[0.1333] [INFO] # CONFIG_SCREEN_WIDTH          = 640.00
[0.1340] [INFO] # CONFIG_SCREEN_HEIGHT         = 960.00
[0.1348] [INFO] # display.widthInPixels        = 640.00
[0.1375] [INFO] # display.heightInPixels       = 960.00
[0.1381] [INFO] # display.contentScaleFactor   = 1.00
[0.1388] [INFO] # display.width                = 640.00
[0.1396] [INFO] # display.height               = 960.00
[0.1405] [INFO] # display.cx                   = 320.00
[0.1422] [INFO] # display.cy                   = 480.00
[0.1447] [INFO] # display.left                 = 0.00
[0.1457] [INFO] # display.right                = 640.00
[0.1464] [INFO] # display.top                  = 960.00
[0.1471] [INFO] # display.bottom               = 0.00
[0.1476] [INFO] # display.c_left               = -320.00
[0.1483] [INFO] # display.c_right              = 320.00
[0.1490] [INFO] # display.c_top                = 480.00
[0.1495] [INFO] # display.c_bottom             = -480.00
[0.1500] [INFO] #
[4.5107] ----------------------------------------
[4.5112] LUA ERROR: [string "framework.functions"]:0: attempt to call upvalue '' (a nil value)

[4.5133] 
stack traceback:
	[string "framework.functions"]: in main chunk
	[string "framework.api.EventProtocol"]: in function 'dispatchEvent'
	[string "F:/googlesvn/client/game01/scripts/network/net/SocketTCP.lua"]:114: in function 'close'
	[string "F:/googlesvn/client/game01/scripts/network/net/SocketTCP.lua"]:87: in function <[string "F:/googlesvn/client/game01/scripts/network/net/SocketTCP.lua"]:80>
[4.5147] ----------------------------------------
